[    0.000000] Linux version 4.15.0-137-generic (buildd@lcy01-amd64-011) (gcc version 7.5.0 (Ubuntu 7.5.0-3ubuntu1~18.04)) #141-Ubuntu SMP Fri Feb 19 13:46:27 UTC 2021 (Ubuntu 4.15.0-137.141-generic 4.15.18)
[    0.000000] Command line: BOOT_IMAGE=/boot/vmlinuz-4.15.0-137-generic root=UUID=a7cc7f74-b099-45a4-9eb5-9d006fce0a97 ro console=tty1 console=ttyS0
[    0.000000] KERNEL supported cpus:
[    0.000000]   Intel GenuineIntel
[    0.000000]   AMD AuthenticAMD
[    0.000000]   Centaur CentaurHauls
[    0.000000] x86/fpu: x87 FPU will use FXSAVE
[    0.000000] e820: BIOS-provided physical RAM map:
[    0.000000] BIOS-e820: [mem 0x0000000000000000-0x000000000009fbff] usable
[    0.000000] BIOS-e820: [mem 0x000000000009fc00-0x000000000009ffff] reserved
[    0.000000] BIOS-e820: [mem 0x00000000000f0000-0x00000000000fffff] reserved
[    0.000000] BIOS-e820: [mem 0x0000000000100000-0x000000007ffeffff] usable
[    0.000000] BIOS-e820: [mem 0x000000007fff0000-0x000000007fffffff] ACPI data
[    0.000000] BIOS-e820: [mem 0x00000000fec00000-0x00000000fec00fff] reserved
[    0.000000] BIOS-e820: [mem 0x00000000fee00000-0x00000000fee00fff] reserved
[    0.000000] BIOS-e820: [mem 0x00000000fffc0000-0x00000000ffffffff] reserved
[    0.000000] NX (Execute Disable) protection: active
[    0.000000] SMBIOS 2.5 present.
[    0.000000] DMI: innotek GmbH VirtualBox/VirtualBox, BIOS VirtualBox 12/01/2006
[    0.000000] Hypervisor detected: KVM
[    0.000000] e820: last_pfn = 0x7fff0 max_arch_pfn = 0x400000000
[    0.000000] MTRR: Disabled
[    0.000000] x86/PAT: MTRRs disabled, skipping PAT initialization too.
[    0.000000] CPU MTRRs all blank - virtualized system.
[    0.000000] x86/PAT: Configuration [0-7]: WB  WT  UC- UC  WB  WT  UC- UC  
[    0.000000] found SMP MP-table at [mem 0x0009fff0-0x0009ffff]
[    0.000000] Scanning 1 areas for low memory corruption
[    0.000000] RAMDISK: [mem 0x3595b000-0x36ca4fff]
[    0.000000] ACPI: Early table checksum verification disabled
[    0.000000] ACPI: RSDP 0x00000000000E0000 000024 (v02 VBOX  )
[    0.000000] ACPI: XSDT 0x000000007FFF0030 00003C (v01 VBOX   VBOXXSDT 00000001 ASL  00000061)
[    0.000000] ACPI: FACP 0x000000007FFF00F0 0000F4 (v04 VBOX   VBOXFACP 00000001 ASL  00000061)
[    0.000000] ACPI: DSDT 0x000000007FFF0470 002325 (v02 VBOX   VBOXBIOS 00000002 INTL 20100528)
[    0.000000] ACPI: FACS 0x000000007FFF0200 000040
[    0.000000] ACPI: FACS 0x000000007FFF0200 000040
[    0.000000] ACPI: APIC 0x000000007FFF0240 00005C (v02 VBOX   VBOXAPIC 00000001 ASL  00000061)
[    0.000000] ACPI: SSDT 0x000000007FFF02A0 0001CC (v01 VBOX   VBOXCPUT 00000002 INTL 20100528)
[    0.000000] No NUMA configuration found
[    0.000000] Faking a node at [mem 0x0000000000000000-0x000000007ffeffff]
[    0.000000] NODE_DATA(0) allocated [mem 0x7ffc5000-0x7ffeffff]
[    0.000000] kvm-clock: cpu 0, msr 0:7ff44001, primary cpu clock
[    0.000000] kvm-clock: Using msrs 4b564d01 and 4b564d00
[    0.000000] kvm-clock: using sched offset of 7905680919 cycles
[    0.000000] clocksource: kvm-clock: mask: 0xffffffffffffffff max_cycles: 0x1cd42e4dffb, max_idle_ns: 881590591483 ns
[    0.000000] Zone ranges:
[    0.000000]   DMA      [mem 0x0000000000001000-0x0000000000ffffff]
[    0.000000]   DMA32    [mem 0x0000000001000000-0x000000007ffeffff]
[    0.000000]   Normal   empty
[    0.000000]   Device   empty
[    0.000000] Movable zone start for each node
[    0.000000] Early memory node ranges
[    0.000000]   node   0: [mem 0x0000000000001000-0x000000000009efff]
[    0.000000]   node   0: [mem 0x0000000000100000-0x000000007ffeffff]
[    0.000000] Reserved but unavailable: 98 pages
[    0.000000] Initmem setup node 0 [mem 0x0000000000001000-0x000000007ffeffff]
[    0.000000] ACPI: PM-Timer IO Port: 0x4008
[    0.000000] IOAPIC[0]: apic_id 2, version 32, address 0xfec00000, GSI 0-23
[    0.000000] ACPI: INT_SRC_OVR (bus 0 bus_irq 0 global_irq 2 dfl dfl)
[    0.000000] ACPI: INT_SRC_OVR (bus 0 bus_irq 9 global_irq 9 low level)
[    0.000000] Using ACPI (MADT) for SMP configuration information
[    0.000000] smpboot: Allowing 2 CPUs, 0 hotplug CPUs
[    0.000000] PM: Registered nosave memory: [mem 0x00000000-0x00000fff]
[    0.000000] PM: Registered nosave memory: [mem 0x0009f000-0x0009ffff]
[    0.000000] PM: Registered nosave memory: [mem 0x000a0000-0x000effff]
[    0.000000] PM: Registered nosave memory: [mem 0x000f0000-0x000fffff]
[    0.000000] e820: [mem 0x80000000-0xfebfffff] available for PCI devices
[    0.000000] Booting paravirtualized kernel on KVM
[    0.000000] clocksource: refined-jiffies: mask: 0xffffffff max_cycles: 0xffffffff, max_idle_ns: 7645519600211568 ns
[    0.000000] random: get_random_bytes called from start_kernel+0x99/0x500 with crng_init=0
[    0.000000] setup_percpu: NR_CPUS:8192 nr_cpumask_bits:2 nr_cpu_ids:2 nr_node_ids:1
[    0.000000] percpu: Embedded 45 pages/cpu s147456 r8192 d28672 u1048576
[    0.000000] PV qspinlock hash table entries: 256 (order: 0, 4096 bytes)
[    0.000000] Built 1 zonelists, mobility grouping on.  Total pages: 515961
[    0.000000] Policy zone: DMA32
[    0.000000] Kernel command line: BOOT_IMAGE=/boot/vmlinuz-4.15.0-137-generic root=UUID=a7cc7f74-b099-45a4-9eb5-9d006fce0a97 ro console=tty1 console=ttyS0
[    0.000000] Memory: 2014684K/2096696K available (12300K kernel code, 2483K rwdata, 4276K rodata, 2440K init, 2724K bss, 82012K reserved, 0K cma-reserved)
[    0.000000] SLUB: HWalign=64, Order=0-3, MinObjects=0, CPUs=2, Nodes=1
[    0.000000] Kernel/User page tables isolation: enabled
[    0.000000] ftrace: allocating 39427 entries in 155 pages
[    0.004000] Hierarchical RCU implementation.
[    0.004000] 	RCU restricting CPUs from NR_CPUS=8192 to nr_cpu_ids=2.
[    0.004000] 	Tasks RCU enabled.
[    0.004000] RCU: Adjusting geometry for rcu_fanout_leaf=16, nr_cpu_ids=2
[    0.004000] NR_IRQS: 524544, nr_irqs: 440, preallocated irqs: 16
[    0.004000] Console: colour VGA+ 80x25
[    0.004000] console [tty1] enabled
[    0.004000] console [ttyS0] enabled
[    0.004000] ACPI: Core revision 20170831
[    0.004000] ACPI: 2 ACPI AML tables successfully acquired and loaded
[    0.004000] APIC: Switch to symmetric I/O mode setup
[    0.004000] ..TIMER: vector=0x30 apic1=0 pin1=2 apic2=-1 pin2=-1
[    0.004000] tsc: Detected 1696.146 MHz processor
[    0.004000] Calibrating delay loop (skipped) preset value.. 3392.29 BogoMIPS (lpj=6784584)
[    0.004011] pid_max: default: 32768 minimum: 301
[    0.008127] Security Framework initialized
[    0.012005] Yama: becoming mindful.
[    0.016170] AppArmor: AppArmor initialized
[    0.048083] Dentry cache hash table entries: 262144 (order: 9, 2097152 bytes)
[    0.064983] Inode-cache hash table entries: 131072 (order: 8, 1048576 bytes)
[    0.068253] Mount-cache hash table entries: 4096 (order: 3, 32768 bytes)
[    0.072266] Mountpoint-cache hash table entries: 4096 (order: 3, 32768 bytes)
[    0.078012] Last level iTLB entries: 4KB 512, 2MB 8, 4MB 8
[    0.080007] Last level dTLB entries: 4KB 512, 2MB 32, 4MB 32, 1GB 0
[    0.084007] Spectre V1 : Mitigation: usercopy/swapgs barriers and __user pointer sanitization
[    0.088007] Spectre V2 : Mitigation: Full generic retpoline
[    0.092005] Spectre V2 : Spectre v2 / SpectreRSB mitigation: Filling RSB on context switch
[    0.096007] Speculative Store Bypass: Vulnerable
[    0.100079] MDS: Mitigation: Clear CPU buffers
[    0.104229] Freeing SMP alternatives memory: 36K
[    0.224735] smpboot: CPU0: Intel(R) Core(TM) i5-3317U CPU @ 1.70GHz (family: 0x6, model: 0x3a, stepping: 0x9)
[    0.228764] Performance Events: unsupported p6 CPU model 58 no PMU driver, software events only.
[    0.232235] Hierarchical SRCU implementation.
[    0.240812] NMI watchdog: Perf event create on CPU 0 failed with -2
[    0.244008] NMI watchdog: Perf NMI watchdog permanently disabled
[    0.248794] smp: Bringing up secondary CPUs ...
[    0.253923] x86: Booting SMP configuration:
[    0.256008] .... node  #0, CPUs:      #1
[    0.004000] kvm-clock: cpu 1, msr 0:7ff44041, secondary cpu clock
[    0.274849] TSC synchronization [CPU#0 -> CPU#1]:
[    0.276000] Measured 71227 cycles TSC warp between CPUs, turning off TSC clock.
[    0.276000] tsc: Marking TSC unstable due to check_tsc_sync_source failed
[    0.284339] smp: Brought up 1 node, 2 CPUs
[    0.288015] smpboot: Max logical packages: 1
[    0.292011] smpboot: Total of 2 processors activated (6784.58 BogoMIPS)
[    0.300555] devtmpfs: initialized
[    0.304190] x86/mm: Memory block size: 128MB
[    0.309072] evm: security.selinux
[    0.312005] evm: security.SMACK64
[    0.316004] evm: security.SMACK64EXEC
[    0.324010] evm: security.SMACK64TRANSMUTE
[    0.328005] evm: security.SMACK64MMAP
[    0.332006] evm: security.apparmor
[    0.336010] evm: security.ima
[    0.340009] evm: security.capability
[    0.344717] clocksource: jiffies: mask: 0xffffffff max_cycles: 0xffffffff, max_idle_ns: 7645041785100000 ns
[    0.372028] futex hash table entries: 512 (order: 3, 32768 bytes)
[    0.384375] pinctrl core: initialized pinctrl subsystem
[    0.396230] RTC time:  0:35:51, date: 03/18/21
[    0.406003] NET: Registered protocol family 16
[    0.416126] audit: initializing netlink subsys (disabled)
[    0.424627] audit: type=2000 audit(1616027760.554:1): state=initialized audit_enabled=0 res=1
[    0.440028] cpuidle: using governor ladder
[    0.452015] cpuidle: using governor menu
[    0.456087] ACPI: bus type PCI registered
[    0.464009] acpiphp: ACPI Hot Plug PCI Controller Driver version: 0.5
[    0.472806] PCI: Using configuration type 1 for base access
[    0.492655] HugeTLB registered 2.00 MiB page size, pre-allocated 0 pages
[    0.512313] ACPI: Added _OSI(Module Device)
[    0.520009] ACPI: Added _OSI(Processor Device)
[    0.524006] ACPI: Added _OSI(3.0 _SCP Extensions)
[    0.536010] ACPI: Added _OSI(Processor Aggregator Device)
[    0.544016] ACPI: Added _OSI(Linux-Dell-Video)
[    0.552008] ACPI: Added _OSI(Linux-Lenovo-NV-HDMI-Audio)
[    0.560015] ACPI: Added _OSI(Linux-HPI-Hybrid-Graphics)
[    0.580458] ACPI: Executed 1 blocks of module-level executable AML code
[    0.609530] ACPI: Interpreter enabled
[    0.616037] ACPI: (supports S0 S5)
[    0.620012] ACPI: Using IOAPIC for interrupt routing
[    0.632651] PCI: Using host bridge windows from ACPI; if necessary, use "pci=nocrs" and report a bug
[    0.648427] ACPI: Enabled 2 GPEs in block 00 to 07
[    0.681594] ACPI: PCI Root Bridge [PCI0] (domain 0000 [bus 00-ff])
[    0.688015] acpi PNP0A03:00: _OSC: OS supports [ASPM ClockPM Segments MSI]
[    0.701221] acpi PNP0A03:00: _OSC: not requesting OS control; OS requires [ExtendedConfig ASPM ClockPM MSI]
[    0.716030] acpi PNP0A03:00: fail to add MMCONFIG information, can't access extended PCI configuration space under this bridge.
[    0.736370] PCI host bridge to bus 0000:00
[    0.740008] pci_bus 0000:00: root bus resource [io  0x0000-0x0cf7 window]
[    0.752010] pci_bus 0000:00: root bus resource [io  0x0d00-0xffff window]
[    0.760007] pci_bus 0000:00: root bus resource [mem 0x000a0000-0x000bffff window]
[    0.772009] pci_bus 0000:00: root bus resource [mem 0x80000000-0xfdffffff window]
[    0.784014] pci_bus 0000:00: root bus resource [bus 00-ff]
[    0.800977] pci 0000:00:01.1: legacy IDE quirk: reg 0x10: [io  0x01f0-0x01f7]
[    0.808009] pci 0000:00:01.1: legacy IDE quirk: reg 0x14: [io  0x03f6]
[    0.820010] pci 0000:00:01.1: legacy IDE quirk: reg 0x18: [io  0x0170-0x0177]
[    0.832012] pci 0000:00:01.1: legacy IDE quirk: reg 0x1c: [io  0x0376]
[    0.916321] pci 0000:00:07.0: quirk: [io  0x4000-0x403f] claimed by PIIX4 ACPI
[    0.948053] pci 0000:00:07.0: quirk: [io  0x4100-0x410f] claimed by PIIX4 SMB
[    1.016401] ACPI: PCI Interrupt Link [LNKA] (IRQs 5 9 10 *11)
[    1.052037] ACPI: PCI Interrupt Link [LNKB] (IRQs 5 9 *10 11)
[    1.080160] ACPI: PCI Interrupt Link [LNKC] (IRQs 5 *9 10 11)
[    1.108292] ACPI: PCI Interrupt Link [LNKD] (IRQs 5 9 10 *11)
[    1.140583] SCSI subsystem initialized
[    1.164164] pci 0000:00:02.0: vgaarb: setting as boot VGA device
[    1.168000] pci 0000:00:02.0: vgaarb: VGA device added: decodes=io+mem,owns=io+mem,locks=none
[    1.236011] pci 0000:00:02.0: vgaarb: bridge control possible
[    1.260005] vgaarb: loaded
[    1.276145] ACPI: bus type USB registered
[    1.300147] usbcore: registered new interface driver usbfs
[    1.328020] usbcore: registered new interface driver hub
[    1.356028] usbcore: registered new device driver usb
[    1.384019] EDAC MC: Ver: 3.0.0
[    1.408082] PCI: Using ACPI for IRQ routing
[    1.428892] NetLabel: Initializing
[    1.448007] NetLabel:  domain hash size = 128
[    1.472005] NetLabel:  protocols = UNLABELED CIPSOv4 CALIPSO
[    1.496099] NetLabel:  unlabeled traffic allowed by default
[    1.528427] clocksource: Switched to clocksource kvm-clock
[    1.647342] VFS: Disk quotas dquot_6.6.0
[    1.655282] VFS: Dquot-cache hash table entries: 512 (order 0, 4096 bytes)
[    1.669555] AppArmor: AppArmor Filesystem Enabled
[    1.678389] pnp: PnP ACPI init
[    1.695419] pnp: PnP ACPI: found 3 devices
[    1.756824] clocksource: acpi_pm: mask: 0xffffff max_cycles: 0xffffff, max_idle_ns: 2085701024 ns
[    1.760693] NET: Registered protocol family 2
[    1.779758] TCP established hash table entries: 16384 (order: 5, 131072 bytes)
[    1.793814] TCP bind hash table entries: 16384 (order: 6, 262144 bytes)
[    1.811693] TCP: Hash tables configured (established 16384 bind 16384)
[    1.823679] UDP hash table entries: 1024 (order: 3, 32768 bytes)
[    1.826182] UDP-Lite hash table entries: 1024 (order: 3, 32768 bytes)
[    1.826182] NET: Registered protocol family 1
[    1.826182] pci 0000:00:00.0: Limiting direct PCI/PCI transfers
[    1.826182] pci 0000:00:01.0: Activating ISA DMA hang workarounds
[    1.826182] pci 0000:00:02.0: Video device with shadowed ROM at [mem 0x000c0000-0x000dffff]
[    1.826182] Unpacking initramfs...
[    2.796250] Freeing initrd memory: 19752K
[    2.807273] clocksource: tsc: mask: 0xffffffffffffffff max_cycles: 0x1872ee7fb19, max_idle_ns: 440795224680 ns
[    2.827778] platform rtc_cmos: registered platform RTC device (no PNP device found)
[    2.845477] Scanning for low memory corruption every 60 seconds
[    2.859172] Initialise system trusted keyrings
[    2.869073] Key type blacklist registered
[    2.877446] workingset: timestamp_bits=36 max_order=19 bucket_order=0
[    2.895912] zbud: loaded
[    2.903019] squashfs: version 4.0 (2009/01/31) Phillip Lougher
[    2.912688] fuse init (API version 7.26)
[    2.949210] Key type asymmetric registered
[    2.955097] Asymmetric key parser 'x509' registered
[    2.962931] Block layer SCSI generic (bsg) driver version 0.4 loaded (major 246)
[    2.974753] io scheduler noop registered
[    2.980974] io scheduler deadline registered
[    2.990116] io scheduler cfq registered (default)
[    3.002600] ACPI: AC Adapter [AC] (on-line)
[    3.014241] input: Power Button as /devices/LNXSYSTM:00/LNXPWRBN:00/input/input0
[    3.031453] ACPI: Power Button [PWRF]
[    3.040593] input: Sleep Button as /devices/LNXSYSTM:00/LNXSLPBN:00/input/input1
[    3.053781] ACPI: Sleep Button [SLPF]
[    3.066100] ACPI: Battery Slot [BAT0] (battery present)
[    3.075958] Serial: 8250/16550 driver, 32 ports, IRQ sharing enabled
[    3.132192] 00:02: ttyS0 at I/O 0x3f8 (irq = 4, base_baud = 115200) is a 16550A
[    3.170167] Linux agpgart interface v0.103
[    3.193016] loop: module loaded
[    3.201095] scsi host0: ata_piix
[    3.206015] scsi host1: ata_piix
[    3.210878] ata1: PATA max UDMA/33 cmd 0x1f0 ctl 0x3f6 bmdma 0xd000 irq 14
[    3.221826] ata2: PATA max UDMA/33 cmd 0x170 ctl 0x376 bmdma 0xd008 irq 15
[    3.231396] libphy: Fixed MDIO Bus: probed
[    3.240426] tun: Universal TUN/TAP device driver, 1.6
[    3.249262] PPP generic driver version 2.4.2
[    3.257609] ehci_hcd: USB 2.0 'Enhanced' Host Controller (EHCI) Driver
[    3.271309] ehci-pci: EHCI PCI platform driver
[    3.281751] ehci-platform: EHCI generic platform driver
[    3.293363] ohci_hcd: USB 1.1 'Open' Host Controller (OHCI) Driver
[    3.305387] ohci-pci: OHCI PCI platform driver
[    3.313908] ohci-platform: OHCI generic platform driver
[    3.325182] uhci_hcd: USB Universal Host Controller Interface driver
[    3.333807] i8042: PNP: PS/2 Controller [PNP0303:PS2K,PNP0f03:PS2M] at 0x60,0x64 irq 1,12
[    3.351622] serio: i8042 KBD port at 0x60,0x64 irq 1
[    3.360134] serio: i8042 AUX port at 0x60,0x64 irq 12
[    3.369023] mousedev: PS/2 mouse device common for all mice
[    3.380681] input: AT Translated Set 2 keyboard as /devices/platform/i8042/serio0/input/input2
[    3.381528] rtc_cmos rtc_cmos: rtc core: registered rtc_cmos as rtc0
[    3.405542] rtc_cmos rtc_cmos: alarms up to one day, 114 bytes nvram
[    3.415237] i2c /dev entries driver
[    3.421538] device-mapper: uevent: version 1.0.3
[    3.436302] device-mapper: ioctl: 4.37.0-ioctl (2017-09-20) initialised: dm-devel@redhat.com
[    3.490514] ledtrig-cpu: registered to indicate activity on CPUs
[    3.503293] NET: Registered protocol family 10
[    3.528651] Segment Routing with IPv6
[    3.533743] NET: Registered protocol family 17
[    3.542284] Key type dns_resolver registered
[    3.549553] mce: Using 0 MCE banks
[    3.554394] RAS: Correctable Errors collector initialized.
[    3.561868] sched_clock: Marking stable (3561794027, 0)->(5107691459, -1545897432)
[    3.580501] registered taskstats version 1
[    3.586277] Loading compiled-in X.509 certificates
[    3.601657] Loaded X.509 cert 'Build time autogenerated kernel key: 891cd9bdbdbe808e88c20f1dc4820174eb8d1858'
[    3.617529] zswap: loaded using pool lzo/zbud
[    3.644706] Key type big_key registered
[    3.649793] Key type trusted registered
[    3.661105] Key type encrypted registered
[    3.666585] AppArmor: AppArmor sha1 policy hashing enabled
[    3.673711] ima: No TPM chip found, activating TPM-bypass! (rc=-19)
[    3.682271] ima: Allocated hash algorithm: sha1
[    3.689177] evm: HMAC attrs: 0x1
[    3.694933]   Magic number: 13:359:557
[    3.702109] rtc_cmos rtc_cmos: setting system clock to 2021-03-18 00:35:55 UTC (1616027755)
[    3.715568] BIOS EDD facility v0.16 2004-Jun-25, 0 devices found
[    3.724847] EDD information not available.
[    3.735769] Freeing unused kernel image memory: 2440K
[    3.770602] Write protecting the kernel read-only data: 20480k
[    3.781223] Freeing unused kernel image memory: 2008K
[    3.795105] Freeing unused kernel image memory: 1868K
[    3.819238] x86/mm: Checked W+X mappings: passed, no W+X pages found.
[    3.828569] x86/mm: Checking user space page tables
[    3.843974] x86/mm: Checked W+X mappings: passed, no W+X pages found.
Loading, please wait...
starting version 237
[    4.046527] e1000: Intel(R) PRO/1000 Network Driver - version 7.3.21-k8-NAPI
[    4.059730] e1000: Copyright (c) 1999-2006 Intel Corporation.
[    4.084129] Fusion MPT base driver 3.04.20
[    4.093877] Copyright (c) 1999-2008 LSI Corporation
[    4.225300] Fusion MPT SPI Host driver 3.04.20
[    4.451989] input: ImExPS/2 Generic Explorer Mouse as /devices/platform/i8042/serio1/input/input4
[    5.179114] e1000 0000:00:03.0 eth0: (PCI:33MHz:32-bit) 02:c6:b0:25:69:cb
[    5.191042] e1000 0000:00:03.0 eth0: Intel(R) PRO/1000 Network Connection
[    5.206916] mptbase: ioc0: Initiating bringup
[    5.207347] e1000 0000:00:03.0 enp0s3: renamed from eth0
[    5.320629] ioc0: LSI53C1030 A0: Capabilities={Initiator}
[    6.312775] scsi host2: ioc0: LSI53C1030 A0, FwRev=00000000h, Ports=1, MaxQ=256, IRQ=20
[    6.629976] scsi 2:0:0:0: Direct-Access     VBOX     HARDDISK         1.0  PQ: 0 ANSI: 5
[    6.818983] scsi target2:0:0: Beginning Domain Validation
[    6.842900] scsi target2:0:0: Domain Validation skipping write tests
[    6.851635] scsi target2:0:0: Ending Domain Validation
[    6.859455] scsi target2:0:0: asynchronous
[    6.866872] random: fast init done
[    6.877534] scsi 2:0:1:0: Direct-Access     VBOX     HARDDISK         1.0  PQ: 0 ANSI: 5
[    7.946905] scsi target2:0:1: Beginning Domain Validation
[    7.963938] scsi target2:0:1: Domain Validation skipping write tests
[    7.972889] scsi target2:0:1: Ending Domain Validation
[    7.980611] scsi target2:0:1: asynchronous
[    8.004707] random: systemd-udevd: uninitialized urandom read (16 bytes read)
[    8.019655] sd 2:0:0:0: Attached scsi generic sg0 type 0
[    8.021050] random: systemd-udevd: uninitialized urandom read (16 bytes read)
[    8.021059] random: systemd-udevd: uninitialized urandom read (16 bytes read)
[    8.066883] sd 2:0:0:0: [sda] 20971520 512-byte logical blocks: (10.7 GB/10.0 GiB)
[    8.087253] sd 2:0:0:0: [sda] Write Protect is off
[    8.100676] sd 2:0:1:0: Attached scsi generic sg1 type 0
[    8.122371] sd 2:0:1:0: [sdb] 20480 512-byte logical blocks: (10.5 MB/10.0 MiB)
[    8.134947] sd 2:0:0:0: [sda] Incomplete mode parameter data
[    8.155979] sd 2:0:0:0: [sda] Assuming drive cache: write through
[    8.184250] sd 2:0:1:0: [sdb] Write Protect is off
[    8.202271] sd 2:0:1:0: [sdb] Incomplete mode parameter data
[    8.211274] sd 2:0:1:0: [sdb] Assuming drive cache: write through
[    8.234702]  sda: sda1
[    8.243534] sd 2:0:0:0: [sda] Attached SCSI disk
[    8.285819] sd 2:0:1:0: [sdb] Attached SCSI disk
Begin: Loading essential drivers ... [   11.815645] raid6: sse2x1   gen() 60742 MB/s
[   13.816403] raid6: sse2x1   xor() 106222 MB/s
[   15.817255] raid6: sse2x2   gen() 179146 MB/s
[   16.857701] raid6: sse2x2   xor()  5210 MB/s
[   16.922337] raid6: sse2x4   gen() 11487 MB/s
[   16.986626] raid6: sse2x4   xor()  7148 MB/s
[   16.992946] raid6: using algorithm sse2x2 gen() 179146 MB/s
[   16.999977] raid6: .... xor() 5210 MB/s, rmw enabled
[   17.008039] raid6: using ssse3x2 recovery algorithm
[   17.021301] xor: measuring software checksum speed
[   17.064597]    prefetch64-sse: 13030.000 MB/sec
[   17.108619]    generic_sse: 12830.000 MB/sec
[   17.114720] xor: using function: prefetch64-sse (13030.000 MB/sec)
[   17.127998] async_tx: api initialized (async)
done.
Begin: Running /scripts/init-premount ... done.
Begin: Mounting root file system ... Begin: Running /scripts/local-top ... done.
Begin: Running /scripts/local-premount ... [   17.243415] Btrfs loaded, crc32c=crc32c-intel
Scanning for Btrfs filesystems
done.
Warning: fsck not present, so skipping root file system
[   17.499185] EXT4-fs (sda1): mounted filesystem with ordered data mode. Opts: (null)
done.
Begin: Running /scripts/local-bottom ... done.
Begin: Running /scripts/init-bottom ... done.
[   19.052340] random: crng init done
[   19.058554] random: 7 urandom warning(s) missed due to ratelimiting
[   19.618988] ip_tables: (C) 2000-2006 Netfilter Core Team
[   19.767190] systemd[1]: systemd 237 running in system mode. (+PAM +AUDIT +SELINUX +IMA +APPARMOR +SMACK +SYSVINIT +UTMP +LIBCRYPTSETUP +GCRYPT +GNUTLS +ACL +XZ +LZ4 +SECCOMP +BLKID +ELFUTILS +KMOD -IDN2 +IDN -PCRE2 default-hierarchy=hybrid)
[   19.790609] systemd[1]: Detected virtualization oracle.
[   19.797279] systemd[1]: Detected architecture x86-64.

Welcome to [1mUbuntu 18.04.5 LTS[0m!

[   19.900101] systemd[1]: Set hostname to <ubuntu-bionic>.
[   26.692926] systemd[1]: Set up automount Arbitrary Executable File Formats File System Automount Point.
[[0;32m  OK  [0m] Set up automount Arbitrary Executab…rmats File System Automount Point.
[   26.710075] systemd[1]: Reached target Swap.
[[0;32m  OK  [0m] Reached target Swap.
[   26.737837] systemd[1]: Created slice User and Session Slice.
[[0;32m  OK  [0m] Created slice User and Session Slice.
[   26.751526] systemd[1]: Created slice System Slice.
[[0;32m  OK  [0m] Created slice System Slice.
[   26.762694] systemd[1]: Listening on Journal Socket.
[[0;32m  OK  [0m] Listening on Journal Socket.
[   26.773079] systemd[1]: Listening on udev Kernel Socket.
[[0;32m  OK  [0m] Listening on udev Kernel Socket.
[   26.783959] systemd[1]: Listening on udev Control Socket.
[[0;32m  OK  [0m] Listening on udev Control Socket.
[   26.798047] systemd[1]: Starting udev Coldplug all Devices...
         Starting udev Coldplug all Devices...
[   26.809738] systemd[1]: Listening on Journal Socket (/dev/log).
[[0;32m  OK  [0m] Listening on Journal Socket (/dev/log).
[   26.828534] systemd[1]: Starting Uncomplicated firewall...
         Starting Uncomplicated firewall...
         Mounting POSIX Message Queue File System...
         Mounting Kernel Debug File System...
[[0;32m  OK  [0m] Reached target Slices.
[[0;32m  OK  [0m] Listening on LVM2 metadata daemon socket.
         Starting Create list of required st…ce nodes for the current kernel...
[[0;32m  OK  [0m] Started Forward Password Requests to Wall Directory Watch.
[[0;32m  OK  [0m] Reached target System Time Synchronized.
         Starting Set the console keyboard layout...
[[0;32m  OK  [0m] Listening on Syslog Socket.
[[0;32m  OK  [0m] Listening on /dev/initctl Compatibility Named Pipe.
[[0;32m  OK  [0m] Reached target User and Group Name Lookups.
[[0;32m  OK  [0m] Listening on LVM2 poll daemon socket.
[[0;32m  OK  [0m] Listening on Journal Audit Socket.
         Starting Journal Service...
         Starting Remount Root and Kernel File Systems...
[[0;32m  OK  [0m] Listening on Network Service Netlink Socket.
[[0;32m  OK  [0m] Created slice system-serial\x2dgetty.slice.
         Starting Load Kernel Modules...
         Mounting Huge Pages File System...
[[0;32m  OK  [0m] Listening on Device-mapper event daemon FIFOs.
         Starting Monitoring of LVM2 mirrors…ng dmeventd or progress polling...
[[0;32m  OK  [0m] Started Journal Service.
[   27.511588] EXT4-fs (sda1): re-mounted. Opts: (null)
[[0;32m  OK  [0m] Started Uncomplicated firewall.
[[0;32m  OK  [0m] Mounted POSIX Message Queue File System.
[[0;32m  OK  [0m] Mounted Kernel Debug File System.
[[0;32m  OK  [0m] Started Create list of required sta…vice nodes for the current kernel.
[[0;32m  OK  [0m] Started Remount Root and Kernel File Systems.
[[0;32m  OK  [0m] Mounted Huge Pages File System.
         Starting Load/Save Random Seed...
         Starting Create Static Device Nodes in /dev...
         Starting Flush Journal to Persistent Storage...
[[0;32m  OK  [0m] Started udev Coldplug all Devices.
[[0;32m  OK  [0m] Started Load/Save Random Seed.
[   27.995180] systemd-journald[398]: Received request to flush runtime journal from PID 1
[   28.065625] Loading iSCSI transport class v2.0-870.
[   28.385793] iscsi: registered transport (tcp)
[[0;32m  OK  [0m] Started LVM2 metadata daemon.
[[0;32m  OK  [0m] Started Set the console keyboard layout.
[[0;32m  OK  [0m] Started Create Static Device Nodes in /dev.
         Starting udev Kernel Device Manager...
[[0;32m  OK  [0m] Started Monitoring of LVM2 mirrors,…sing dmeventd or progress polling.
[[0;32m  OK  [0m] Reached target Local File Systems (Pre).
[[0;32m  OK  [0m] Reached target Local File Systems.
         Starting Tell Plymouth To Write Out Runtime Data...
         Starting ebtables ruleset management...
         Starting Set console font and keymap...
         Starting AppArmor initialization...
[   29.232262] iscsi: registered transport (iser)
         Mounting /vagrant...
[[0;32m  OK  [0m] Started Load Kernel Modules.
[[0;32m  OK  [0m] Started Tell Plymouth To Write Out Runtime Data.
[[0;32m  OK  [0m] Started Set console font and keymap.
         Starting Apply Kernel Variables...
         Mounting Kernel Configuration File System...
         Mounting FUSE Control File System...
[[0;32m  OK  [0m] Mounted Kernel Configuration File System.
[[0;32m  OK  [0m] Mounted FUSE Control File System.
[[0;32m  OK  [0m] Started Apply Kernel Variables.
[[0;32m  OK  [0m] Started Flush Journal to Persistent Storage.
[[0;32m  OK  [0m] Mounted /vagrant.
         Starting Create Volatile Files and Directories...
[[0;32m  OK  [0m] Started ebtables ruleset management.
[[0;32m  OK  [0m] Started udev Kernel Device Manager.
[[0;32m  OK  [0m] Started Dispatch Password Requests to Console Directory Watch.
[[0;32m  OK  [0m] Reached target Local Encrypted Volumes.
[[0;32m  OK  [0m] Found device /dev/ttyS0.
[[0;32m  OK  [0m] Started Create Volatile Files and Directories.
         Starting Update UTMP about System Boot/Shutdown...
[[0;32m  OK  [0m] Started Update UTMP about System Boot/Shutdown.
[[0;32m  OK  [0m] Listening on Load/Save RF Kill Switch Status /dev/rfkill Watch.
[[0;32m  OK  [0m] Started AppArmor initialization.
         Starting Load AppArmor profiles managed internally by snapd...
         Starting Initial cloud-init job (pre-networking)...
[[0;32m  OK  [0m] Started Load AppArmor profiles managed internally by snapd.
[   75.909423] cloud-init[549]: Cloud-init v. 20.4.1-0ubuntu1~18.04.1 running 'init-local' at Thu, 18 Mar 2021 00:37:05 +0000. Up 73.55 seconds.
[[0;32m  OK  [0m] Started Initial cloud-init job (pre-networking).
[[0;32m  OK  [0m] Reached target Network (Pre).
         Starting Network Service...
[[0;32m  OK  [0m] Started Network Service.
         Starting Network Name Resolution...
         Starting Wait for Network to be Configured...
[[0;32m  OK  [0m] Started Network Name Resolution.
[[0;32m  OK  [0m] Reached target Network.
[[0;32m  OK  [0m] Reached target Host and Network Name Lookups.
[[0;32m  OK  [0m] Started Wait for Network to be Configured.
         Starting Initial cloud-init job (metadata service crawler)...
[   87.392092] cloud-init[679]: Cloud-init v. 20.4.1-0ubuntu1~18.04.1 running 'init' at Thu, 18 Mar 2021 00:37:16 +0000. Up 84.72 seconds.
[   87.411348] cloud-init[679]: ci-info: ++++++++++++++++++++++++++++++++++++++Net device info++++++++++++++++++++++++++++++++++++++
[   87.435421] cloud-init[679]: ci-info: +--------+------+----------------------------+---------------+--------+-------------------+
[   87.453086] cloud-init[679]: ci-info: | Device |  Up  |          Address           |      Mask     | Scope  |     Hw-Address    |
[   87.467303] cloud-init[679]: ci-info: +--------+------+----------------------------+---------------+--------+-------------------+
[   87.481791] cloud-init[679]: ci-info: | enp0s3 | True |         10.0.2.15          | 255.255.255.0 | global | 02:c6:b0:25:69:cb |
[   87.496218] cloud-init[679]: ci-info: | enp0s3 | True | fe80::c6:b0ff:fe25:69cb/64 |       .       |  link  | 02:c6:b0:25:69:cb |
[   87.509391] cloud-init[679]: ci-info: |   lo   | True |         127.0.0.1          |   255.0.0.0   |  host  |         .         |
[   87.523375] cloud-init[679]: ci-info: |   lo   | True |          ::1/128           |       .       |  host  |         .         |
[   87.538509] cloud-init[679]: ci-info: +--------+------+----------------------------+---------------+--------+-------------------+
[   87.552757] cloud-init[679]: ci-info: ++++++++++++++++++++++++++++Route IPv4 info+++++++++++++++++++++++++++++
[   87.565640] cloud-init[679]: ci-info: +-------+-------------+----------+-----------------+-----------+-------+
[   87.579099] cloud-init[679]: ci-info: | Route | Destination | Gateway  |     Genmask     | Interface | Flags |
[   87.593186] cloud-init[679]: ci-info: +-------+-------------+----------+-----------------+-----------+-------+
[   87.607136] cloud-init[679]: ci-info: |   0   |   0.0.0.0   | 10.0.2.2 |     0.0.0.0     |   enp0s3  |   UG  |
[   87.617278] cloud-init[679]: ci-info: |   1   |   10.0.2.0  | 0.0.0.0  |  255.255.255.0  |   enp0s3  |   U   |
[   87.627062] cloud-init[679]: ci-info: |   2   |   10.0.2.2  | 0.0.0.0  | 255.255.255.255 |   enp0s3  |   UH  |
[   87.637288] cloud-init[679]: ci-info: +-------+-------------+----------+-----------------+-----------+-------+
[   87.648719] cloud-init[679]: ci-info: +++++++++++++++++++Route IPv6 info+++++++++++++++++++
[   87.657592] cloud-init[679]: ci-info: +-------+-------------+---------+-----------+-------+
[   87.666782] cloud-init[679]: ci-info: | Route | Destination | Gateway | Interface | Flags |
[   87.676002] cloud-init[679]: ci-info: +-------+-------------+---------+-----------+-------+
[   87.688056] cloud-init[679]: ci-info: |   1   |  fe80::/64  |    ::   |   enp0s3  |   U   |
[   87.694603] cloud-init[679]: ci-info: |   3   |    local    |    ::   |   enp0s3  |   U   |
[   87.701539] cloud-init[679]: ci-info: |   4   |   ff00::/8  |    ::   |   enp0s3  |   U   |
[   87.709535] cloud-init[679]: ci-info: +-------+-------------+---------+-----------+-------+
[[0;32m  OK  [0m] Started Initial cloud-init job (metadata service crawler).
[[0;32m  OK  [0m] Reached target System Initialization.
[[0;32m  OK  [0m] Started ACPI Events Check.
         Starting Socket activation for snappy daemon.
[[0;32m  OK  [0m] Started Discard unused blocks once a week.
[[0;32m  OK  [0m] Reached target Paths.
[[0;32m  OK  [0m] Started Daily Cleanup of Temporary Directories.
         Starting LXD - unix socket.
[[0;32m  OK  [0m] Listening on D-Bus System Message Bus Socket.
[[0;32m  OK  [0m] Started Message of the Day.
[[0;32m  OK  [0m] Listening on ACPID Listen Socket.
         Starting Docker Socket for the API.
[[0;32m  OK  [0m] Listening on Open-iSCSI iscsid Socket.
[[0;32m  OK  [0m] Started Daily apt download activities.
[[0;32m  OK  [0m] Started Daily apt upgrade and clean activities.
[[0;32m  OK  [0m] Reached target Timers.
[[0;32m  OK  [0m] Listening on UUID daemon activation socket.
[[0;32m  OK  [0m] Reached target Cloud-config availability.
[[0;32m  OK  [0m] Reached target Network is Online.
[[0;32m  OK  [0m] Reached target Remote File Systems (Pre).
[[0;32m  OK  [0m] Reached target Remote File Systems.
         Starting Availability of block devices...
[[0;32m  OK  [0m] Listening on Socket activation for snappy daemon.
[[0;32m  OK  [0m] Listening on LXD - unix socket.
[[0;32m  OK  [0m] Listening on Docker Socket for the API.
[[0;32m  OK  [0m] Reached target Sockets.
[[0;32m  OK  [0m] Reached target Basic System.
         Starting Dispatcher daemon for systemd-networkd...
         Starting LXD - container startup/shutdown...
         Starting System Logging Service...
         Starting OpenBSD Secure Shell server...
         Starting LSB: Record successful boot for GRUB...
[[0;32m  OK  [0m] Started D-Bus System Message Bus.
[[0;32m  OK  [0m] Started Deferred execution scheduler.
         Starting Ubuntu FAN network setup...
         Starting Virtualbox guest utils...
         Starting Accounts Service...
[[0;32m  OK  [0m] Started irqbalance daemon.
         Starting Snap Daemon...
         Starting LSB: automatic crash report generation...
         Starting Login Service...
[[0;32m  OK  [0m] Started FUSE filesystem for LXC.
         Starting containerd container runtime...
[[0;32m  OK  [0m] Started Regular background program processing daemon.
         Starting Permit User Sessions...
[[0;32m  OK  [0m] Started System Logging Service.
[[0;32m  OK  [0m] Started Dispatcher daemon for systemd-networkd.
[[0;32m  OK  [0m] Started Availability of block devices.
[[0;32m  OK  [0m] Started OpenBSD Secure Shell server.
[[0;32m  OK  [0m] Started containerd container runtime.
[[0;32m  OK  [0m] Started Permit User Sessions.
         Starting Hold until boot process finishes up...
         Starting Terminate Plymouth Boot Screen...
[[0;32m  OK  [0m] Started Hold until boot process finishes up.
[[0;32m  OK  [0m] Started Serial Getty on ttyS0.
         Starting Set console scheme...
[[0;32m  OK  [0m] Started Terminate Plymouth Boot Screen.
[[0;32m  OK  [0m] Started Set console scheme.
[[0;32m  OK  [0m] Created slice system-getty.slice.
[[0;32m  OK  [0m] Started Getty on tty1.
[[0;32m  OK  [0m] Reached target Login Prompts.
[[0;32m  OK  [0m] Started Login Service.
[[0;32m  OK  [0m] Started Unattended Upgrades Shutdown.
[[0;32m  OK  [0m] Started LSB: automatic crash report generation.
[[0;32m  OK  [0m] Started LSB: Record successful boot for GRUB.
[[0;32m  OK  [0m] Started Ubuntu FAN network setup.
[[0;32m  OK  [0m] Started Virtualbox guest utils.
         Starting Authorization Manager...
[[0;32m  OK  [0m] Started Authorization Manager.
[[0;32m  OK  [0m] Started Accounts Service.
[[0;32m  OK  [0m] Created slice User Slice of vagrant.
         Starting User Manager for UID 1000...
[[0;32m  OK  [0m] Started Session 1 of user vagrant.

Ubuntu 18.04.5 LTS ubuntu-bionic ttyS0

ubuntu-bionic login: [  116.962274] cloud-init[1388]: Cloud-init v. 20.4.1-0ubuntu1~18.04.1 running 'modules:config' at Thu, 18 Mar 2021 00:37:48 +0000. Up 116.64 seconds.
[  118.267005] cloud-init[1517]: Cloud-init v. 20.4.1-0ubuntu1~18.04.1 running 'modules:final' at Thu, 18 Mar 2021 00:37:49 +0000. Up 117.77 seconds.
[  118.286334] cloud-init[1517]: Cloud-init v. 20.4.1-0ubuntu1~18.04.1 finished at Thu, 18 Mar 2021 00:37:50 +0000. Datasource DataSourceNoCloud [seed=/dev/sdb][dsmode=net].  Up 118.25 seconds
